{"/Users/jamwright/Documents/jwright/typescript-mocha-sarter/out/index.js":{"path":"/Users/jamwright/Documents/jwright/typescript-mocha-sarter/out/index.js","s":{"1":1,"2":1,"3":2,"4":1},"b":{},"f":{"1":2},"fnMap":{"1":{"name":"getLength","line":3,"loc":{"start":{"line":3,"column":0},"end":{"line":3,"column":24}}}},"statementMap":{"1":{"start":{"line":2,"column":0},"end":{"line":2,"column":62}},"2":{"start":{"line":3,"column":0},"end":{"line":5,"column":1}},"3":{"start":{"line":4,"column":4},"end":{"line":4,"column":22}},"4":{"start":{"line":6,"column":0},"end":{"line":6,"column":30}}},"branchMap":{}}}